[02:56:42] [ServerMain/INFO]: Environment: Environment[sessionHost=https://sessionserver.mojang.com, servicesHost=https://api.minecraftservices.com, name=PROD]
[02:56:44] [ServerMain/INFO]: Loaded 1337 recipes
[02:56:44] [ServerMain/INFO]: Loaded 1448 advancements
[02:56:45] [Server thread/INFO]: Starting minecraft server version 1.21.3
[02:56:45] [Server thread/INFO]: Loading properties
[02:56:45] [Server thread/INFO]: Default game type: SURVIVAL
[02:56:45] [Server thread/INFO]: Generating keypair
[02:56:45] [Server thread/INFO]: Starting Minecraft server on *:25565
[02:56:45] [Server thread/INFO]: Using epoll channel type
[02:56:45] [Server thread/INFO]: Preparing level "world"
[02:56:45] [Server thread/INFO]: Preparing start region for dimension minecraft:overworld
[02:56:46] [User Authenticator #1/INFO]: UUID of player sacracoronaj is 8879014e-997b-4a11-9b8f-8953c96637df
[02:56:49] [Worker-Main-3/INFO]: Preparing spawn area: 0%
[02:56:49] [Worker-Main-3/INFO]: Preparing spawn area: 0%
[02:56:49] [Worker-Main-3/INFO]: Preparing spawn area: 0%
[02:56:49] [Worker-Main-3/INFO]: Preparing spawn area: 0%
[02:56:49] [Worker-Main-3/INFO]: Preparing spawn area: 0%
[02:56:49] [Worker-Main-3/INFO]: Preparing spawn area: 0%
[02:56:49] [Worker-Main-3/INFO]: Preparing spawn area: 0%
[02:56:49] [Worker-Main-3/INFO]: Preparing spawn area: 0%
[02:56:49] [Worker-Main-3/INFO]: Preparing spawn area: 0%
[02:56:49] [User Authenticator #2/INFO]: UUID of player Tiukk is 582606ef-cb1a-4578-8f87-a6e67ad8f919
[02:56:50] [User Authenticator #3/INFO]: UUID of player Nicxlv is 15c31222-00af-48cf-8f3c-a99f1659c907
[02:56:50] [Server thread/INFO]: Time elapsed: 4432 ms
[02:56:50] [Server thread/INFO]: Done (4.893s)! For help, type "help"
[02:56:51] [Server thread/INFO]: Nicxlv[/127.194.46.31:49973] logged in with entity id 30 at (201.166216074141, 94.0, -172.57438973356466)
[02:56:51] [Server thread/INFO]: Nicxlv joined the game
[02:56:51] [Server thread/INFO]: sacracoronaj[/127.43.195.213:51845] logged in with entity id 31 at (164.36532309501948, 77.162141421027, -140.30000001192093)
[02:56:51] [Server thread/INFO]: sacracoronaj joined the game
[02:56:51] [Server thread/INFO]: Tiukk[/127.168.226.231:53937] logged in with entity id 32 at (156.2381930787188, 66.0, -215.38355931944636)
[02:56:51] [Server thread/INFO]: Tiukk joined the game
[02:56:52] [User Authenticator #4/INFO]: UUID of player jonx_x is 31440162-f62c-4768-b863-c2ddb3d8c0c9
[02:56:53] [Server thread/INFO]: jonx_x[/127.141.98.190:42489] logged in with entity id 240 at (160.4832521932277, 77.0, -146.74756032984138)
[02:56:53] [Server thread/INFO]: jonx_x joined the game
[02:56:53] [User Authenticator #5/INFO]: UUID of player XKOUZ is 66769a0c-e0df-454d-bb64-cd951e973cf2
[02:56:54] [Server thread/INFO]: XKOUZ[/127.68.124.2:52489] logged in with entity id 294 at (175.12737603030558, 95.0, -165.7189313909378)
[02:56:54] [Server thread/INFO]: XKOUZ joined the game
[02:59:06] [Server thread/INFO]: <jonx_x> lapiz
[02:59:07] [Server thread/INFO]: <jonx_x> man
[02:59:11] [Server thread/INFO]: <jonx_x> kien tiene
[03:00:54] [Server thread/INFO]: <jonx_x> Nicxlv Giveame lapiz man
[03:01:09] [Server thread/INFO]: <jonx_x> yano
[03:01:21] [Server thread/INFO]: jonx_x has made the advancement [Enchanter]
[03:07:38] [User Authenticator #6/INFO]: UUID of player M14M1 is ef82845c-420a-4bb2-9312-1f71912ad27f
[03:07:39] [Server thread/INFO]: M14M1[/127.49.88.175:51089] logged in with entity id 2951 at (-109.5, 123.0, 79.5)
[03:07:39] [Server thread/INFO]: M14M1 joined the game
[03:10:30] [Server thread/INFO]: M14M1 has made the advancement [Stone Age]
[03:10:37] [Server thread/INFO]: M14M1 has made the advancement [Getting an Upgrade]
[03:11:17] [Server thread/INFO]: [Nicxlv: Set own game mode to Creative Mode]
[03:12:23] [Server thread/INFO]: M14M1 was slain by Zombie
[03:15:24] [Server thread/INFO]: [Nicxlv: Set own game mode to Survival Mode]
[03:16:51] [User Authenticator #7/INFO]: UUID of player diex_x is abadc53e-055c-4546-87b0-a545401ea610
[03:16:52] [Server thread/INFO]: diex_x[/127.12.15.75:50375] logged in with entity id 7962 at (454.63933648234416, 64.0, -414.9553425208599)
[03:16:52] [Server thread/INFO]: diex_x joined the game
[03:23:05] [Server thread/INFO]: <jonx_x> Si
[03:23:09] [Server thread/INFO]: <jonx_x> pero con el item en otra mano
[03:23:38] [Server thread/INFO]: <jonx_x> puedes mover el puto beaco
[03:23:39] [Server thread/INFO]: <jonx_x> joako
[03:23:43] [Server thread/INFO]: <jonx_x> NO
[03:25:23] [Server thread/INFO]: <jonx_x> XKOUZ MARCAS DEL CULO
[03:26:24] [Server thread/WARN]: Mismatch in destroy block pos: jh{x=168, y=122, z=-57} jh{x=171, y=122, z=-61}
[03:26:24] [Server thread/WARN]: Mismatch in destroy block pos: jh{x=168, y=122, z=-57} jh{x=171, y=122, z=-61}
[03:26:24] [Server thread/WARN]: Mismatch in destroy block pos: jh{x=168, y=122, z=-57} jh{x=171, y=122, z=-61}
[03:26:27] [Server thread/INFO]: <jonx_x> donde
[03:26:29] [Server thread/INFO]: <jonx_x> pongo elf aro
[03:26:34] [Server thread/WARN]: Mismatch in destroy block pos: jh{x=151, y=121, z=-82} jh{x=149, y=120, z=-81}
[03:26:34] [Server thread/WARN]: Mismatch in destroy block pos: jh{x=151, y=121, z=-82} jh{x=149, y=120, z=-81}
[03:26:34] [Server thread/WARN]: Mismatch in destroy block pos: jh{x=151, y=121, z=-82} jh{x=149, y=120, z=-81}
[03:26:34] [Server thread/WARN]: Mismatch in destroy block pos: jh{x=151, y=121, z=-82} jh{x=149, y=120, z=-81}
[03:26:34] [Server thread/WARN]: Mismatch in destroy block pos: jh{x=151, y=121, z=-82} jh{x=149, y=120, z=-81}
[03:26:34] [Server thread/WARN]: Mismatch in destroy block pos: jh{x=151, y=121, z=-82} jh{x=149, y=120, z=-81}
[03:26:35] [Server thread/WARN]: Mismatch in destroy block pos: jh{x=151, y=121, z=-82} jh{x=149, y=120, z=-81}
[03:26:35] [Server thread/WARN]: Mismatch in destroy block pos: jh{x=151, y=121, z=-82} jh{x=149, y=120, z=-81}
[03:26:35] [Server thread/INFO]: <jonx_x> :V
